2025-06-12 09:44:05,672 - INFO - === Server Startup Script Started ===
2025-06-12 09:44:05,672 - INFO - Script directory: C:\Users\KitKumar\Documents\repos\TradingAlgorithm\3_Networking_and_User_Input\web_interface
2025-06-12 09:44:05,679 - INFO - Python executable: C:\Users\KitKumar\AppData\Local\Microsoft\WindowsApps\PythonSoftwareFoundation.Python.3.11_qbz5n2kfra8p0\python.exe
2025-06-12 09:44:05,681 - INFO - Current working directory: C:\Users\KitKumar\Documents\repos\TradingAlgorithm
2025-06-12 09:44:05,682 - INFO - === Starting main script ===
2025-06-12 09:44:06,574 - INFO - Starting server launch process...
2025-06-12 09:44:06,589 - INFO - API directory path: C:\Users\KitKumar\Documents\repos\TradingAlgorithm\3_Networking_and_User_Input\web_interface\api
2025-06-12 09:44:06,622 - INFO - Successfully changed to directory: C:\Users\KitKumar\Documents\repos\TradingAlgorithm\3_Networking_and_User_Input\web_interface\api
2025-06-12 09:44:06,691 - INFO - Current working directory: C:\Users\KitKumar\Documents\repos\TradingAlgorithm\3_Networking_and_User_Input\web_interface\api
2025-06-12 09:44:06,717 - INFO - Directory contents: ['main.py', '__init__.py', '__pycache__']
2025-06-12 09:44:06,732 - INFO - Starting FastAPI server...
2025-06-12 09:44:06,743 - INFO - Starting server with Python: C:\Users\KitKumar\AppData\Local\Microsoft\WindowsApps\PythonSoftwareFoundation.Python.3.11_qbz5n2kfra8p0\python.exe
2025-06-12 09:44:06,754 - INFO - PYTHONPATH set to: C:\Users\KitKumar\Documents\repos\TradingAlgorithm\3_Networking_and_User_Input\web_interface
2025-06-12 09:44:07,296 - INFO - Server process started successfully
2025-06-12 09:44:57,475 - INFO - 
=== Debug Information ===
2025-06-12 09:44:57,486 - INFO - Current working directory: C:\Users\KitKumar\Documents\repos\TradingAlgorithm\3_Networking_and_User_Input\web_interface\api
2025-06-12 09:44:57,494 - INFO - Python executable: C:\Users\KitKumar\AppData\Local\Microsoft\WindowsApps\PythonSoftwareFoundation.Python.3.11_qbz5n2kfra8p0\python.exe
2025-06-12 09:44:57,504 - INFO - Script directory: C:\Users\KitKumar\Documents\repos\TradingAlgorithm\3_Networking_and_User_Input\web_interface
2025-06-12 09:44:57,512 - INFO - API directory exists: True
2025-06-12 09:44:57,520 - INFO - main.py exists: True
2025-06-12 09:44:57,527 - INFO - === End Debug Info ===

2025-06-12 09:44:58,860 - INFO - Initial server output: WARNING:  Current configuration will not reload as not all conditions are met, please refer to documentation.
2025-06-12 09:44:58,901 - INFO - [!] Server process forcibly stopped.
2025-06-12 09:44:58,951 - INFO - Server process exited with code 1
2025-06-12 09:44:58,956 - INFO - [X] Server failed to start. See log for details.
2025-06-12 09:45:06,417 - INFO - 
=== Debug Information ===
2025-06-12 09:45:06,424 - INFO - Current working directory: C:\Users\KitKumar\Documents\repos\TradingAlgorithm\3_Networking_and_User_Input\web_interface\api
2025-06-12 09:45:06,433 - INFO - Python executable: C:\Users\KitKumar\AppData\Local\Microsoft\WindowsApps\PythonSoftwareFoundation.Python.3.11_qbz5n2kfra8p0\python.exe
2025-06-12 09:45:06,443 - INFO - Script directory: C:\Users\KitKumar\Documents\repos\TradingAlgorithm\3_Networking_and_User_Input\web_interface
2025-06-12 09:45:06,450 - INFO - API directory exists: True
2025-06-12 09:45:06,458 - INFO - main.py exists: True
2025-06-12 09:45:06,463 - INFO - === End Debug Info ===

