2025-06-18 18:13:48,270 [DEBUG] CloudFormation client initialized with endpoint https://cloudformation.us-west-2.amazonaws.com
2025-06-18 18:13:48,271 [DEBUG] SQS client initialized with endpoint https://sqs.us-west-2.amazonaws.com
2025-06-18 18:13:48,271 [DEBUG] CloudFormation client initialized with endpoint https://cloudformation.us-west-2.amazonaws.com
2025-06-18 18:13:48,271 [DEBUG] Enabled single threading mode.
2025-06-18 18:13:48,271 [DEBUG] Creating /var/lib/cfn-hup/data
2025-06-18 18:13:48,281 [INFO] No umask value specified in config file. Using the default one: 0o22
2025-06-18 18:13:48,393 [INFO] Pid: 1865
2025-06-18 18:14:48,394 [WARNING] Timeout of 60 seconds breached
2025-06-18 18:14:48,394 [ERROR] Client-side timeout
Traceback (most recent call last):
  File "/usr/lib/python3.9/site-packages/cfnbootstrap/util.py", line 191, in _retry
    return f(*args, **kwargs)
  File "/usr/lib/python3.9/site-packages/cfnbootstrap/util.py", line 264, in _timeout
    raise TimeoutError(
cfnbootstrap.util.TimeoutError
2025-06-18 18:14:49,331 [INFO] Refreshing listener credentials
2025-06-18 18:14:49,431 [INFO] Scheduling next credential refresh in 1799.0 seconds
2025-06-18 18:14:49,467 [INFO] Received command ElasticBeanstalkCommand-AWSEBAutoScalingGroup (invocation id: 17abc56e-75fa-4e5c-9a87-5e98c8ca7a7d)
2025-06-18 18:14:49,467 [INFO] Running action for aws-eb-command-handler
2025-06-18 18:14:50,890 [INFO] Action for aws-eb-command-handler succeeded, returning SUCCESS
2025-06-18 18:16:33,221 [INFO] Received command ElasticBeanstalkCommand-AWSEBAutoScalingGroup (invocation id: 1d665605-f67e-4cd4-8418-3b0b1aa389b7)
2025-06-18 18:16:33,221 [INFO] Running action for aws-eb-command-handler
2025-06-18 18:16:33,925 [INFO] Action for aws-eb-command-handler succeeded, returning SUCCESS
2025-06-18 18:18:54,174 [INFO] command processing is alive.
2025-06-18 18:22:17,930 [INFO] Received command ElasticBeanstalkCommand-AWSEBAutoScalingGroup (invocation id: ac91908d-87c6-4eb0-8cee-ee7c221041c6)
2025-06-18 18:22:17,931 [INFO] Running action for aws-eb-command-handler
2025-06-18 18:24:09,123 [INFO] Action for aws-eb-command-handler succeeded, returning SUCCESS
2025-06-18 18:24:09,180 [INFO] command processing is alive.
2025-06-18 18:27:18,205 [INFO] Received command ElasticBeanstalkCommand-AWSEBAutoScalingGroup (invocation id: d9fdba96-6851-4b80-91f9-dd0b989c76ef)
2025-06-18 18:27:18,205 [INFO] Running action for aws-eb-command-handler
2025-06-18 18:27:27,784 [INFO] Action for aws-eb-command-handler succeeded, returning SUCCESS
2025-06-18 18:29:08,851 [INFO] Received command ElasticBeanstalkCommand-AWSEBAutoScalingGroup (invocation id: 45ccc8bb-d696-498f-916e-de942b80e4ad)
2025-06-18 18:29:08,851 [INFO] Running action for aws-eb-command-handler
2025-06-18 18:29:09,569 [INFO] Action for aws-eb-command-handler succeeded, returning SUCCESS
2025-06-18 18:29:09,626 [INFO] command processing is alive.
2025-06-18 18:30:10,019 [INFO] Received command ElasticBeanstalkCommand-AWSEBAutoScalingGroup (invocation id: 9d1dc23a-0ab8-4be5-aceb-23335b796196)
2025-06-18 18:30:10,019 [INFO] Running action for aws-eb-command-handler
2025-06-18 18:30:10,814 [INFO] Action for aws-eb-command-handler succeeded, returning SUCCESS
2025-06-18 18:34:11,208 [INFO] command processing is alive.
2025-06-18 18:36:17,920 [INFO] Received command ElasticBeanstalkCommand-AWSEBAutoScalingGroup (invocation id: 10616e7e-7f1e-49f5-b3c3-6345ff351726)
2025-06-18 18:36:17,921 [INFO] Running action for aws-eb-command-handler
2025-06-18 18:37:09,444 [INFO] Action for aws-eb-command-handler succeeded, returning SUCCESS
2025-06-18 18:38:48,100 [INFO] Received command ElasticBeanstalkCommand-AWSEBAutoScalingGroup (invocation id: 1677fc61-2862-4957-9b09-f08dc72b4800)
2025-06-18 18:38:48,100 [INFO] Running action for aws-eb-command-handler
2025-06-18 18:38:48,886 [INFO] Action for aws-eb-command-handler succeeded, returning SUCCESS
2025-06-18 18:38:59,301 [INFO] Received command ElasticBeanstalkCommand-AWSEBAutoScalingGroup (invocation id: 21e5046f-f99e-48ed-8ac4-56c198f29a12)
2025-06-18 18:38:59,301 [INFO] Running action for aws-eb-command-handler
2025-06-18 18:39:00,039 [INFO] Action for aws-eb-command-handler succeeded, returning SUCCESS
2025-06-18 18:39:20,226 [INFO] command processing is alive.
2025-06-18 18:40:43,439 [INFO] Received command ElasticBeanstalkCommand-AWSEBAutoScalingGroup (invocation id: fe46ceca-6407-4d88-88fc-b59a77b2faea)
2025-06-18 18:40:43,439 [INFO] Running action for aws-eb-command-handler
2025-06-18 18:41:38,719 [INFO] Action for aws-eb-command-handler succeeded, returning SUCCESS
2025-06-18 18:44:39,035 [INFO] command processing is alive.
2025-06-18 18:44:48,432 [INFO] Refreshing listener credentials
2025-06-18 18:44:48,509 [INFO] Scheduling next credential refresh in 1799.0 seconds
2025-06-18 18:46:29,289 [INFO] Received command ElasticBeanstalkCommand-AWSEBAutoScalingGroup (invocation id: 688cd157-4659-476f-9e4e-12a3e5c38562)
2025-06-18 18:46:29,289 [INFO] Running action for aws-eb-command-handler
2025-06-18 18:46:30,057 [INFO] Action for aws-eb-command-handler succeeded, returning SUCCESS
2025-06-18 18:49:50,481 [INFO] command processing is alive.
2025-06-18 18:54:50,925 [INFO] command processing is alive.
2025-06-18 18:59:51,334 [INFO] command processing is alive.
2025-06-18 19:04:51,764 [INFO] command processing is alive.
2025-06-18 19:06:43,318 [INFO] Received command ElasticBeanstalkCommand-AWSEBAutoScalingGroup (invocation id: df8501df-5f9c-4eac-8919-17c44fed706e)
2025-06-18 19:06:43,318 [INFO] Running action for aws-eb-command-handler
2025-06-18 19:06:57,936 [INFO] Action for aws-eb-command-handler succeeded, returning SUCCESS
2025-06-18 19:08:45,591 [INFO] Received command ElasticBeanstalkCommand-AWSEBAutoScalingGroup (invocation id: 7865d48e-6a9c-4ac7-9a1d-8d297c5cac9f)
2025-06-18 19:08:45,592 [INFO] Running action for aws-eb-command-handler
2025-06-18 19:09:00,455 [INFO] Action for aws-eb-command-handler succeeded, returning SUCCESS
2025-06-18 19:09:28,652 [INFO] Received command ElasticBeanstalkCommand-AWSEBAutoScalingGroup (invocation id: a615686d-938f-432a-92e4-696c6bd62f6a)
2025-06-18 19:09:28,652 [INFO] Running action for aws-eb-command-handler
2025-06-18 19:09:29,490 [INFO] Action for aws-eb-command-handler succeeded, returning SUCCESS
2025-06-18 19:10:09,604 [INFO] command processing is alive.
2025-06-18 19:14:47,510 [INFO] Refreshing listener credentials
2025-06-18 19:14:47,603 [INFO] Scheduling next credential refresh in 1799.0 seconds
2025-06-18 19:15:10,005 [INFO] command processing is alive.
2025-06-18 19:15:56,716 [INFO] Received command ElasticBeanstalkCommand-AWSEBAutoScalingGroup (invocation id: bc6263a3-9bf1-4fb0-8fd5-e8fdb3c0c478)
2025-06-18 19:15:56,716 [INFO] Running action for aws-eb-command-handler
2025-06-18 19:17:53,481 [INFO] Action for aws-eb-command-handler succeeded, returning SUCCESS
2025-06-18 19:19:16,138 [INFO] Received command ElasticBeanstalkCommand-AWSEBAutoScalingGroup (invocation id: ef53cbe9-9aac-44f8-9363-b17ce60b5570)
2025-06-18 19:19:16,138 [INFO] Running action for aws-eb-command-handler
2025-06-18 19:19:16,940 [INFO] Action for aws-eb-command-handler succeeded, returning SUCCESS
2025-06-18 19:20:17,120 [INFO] command processing is alive.
2025-06-18 19:22:14,773 [INFO] Received command ElasticBeanstalkCommand-AWSEBAutoScalingGroup (invocation id: 2125aa03-9482-43d7-98c9-1867c9bc657a)
2025-06-18 19:22:14,774 [INFO] Running action for aws-eb-command-handler
2025-06-18 19:22:15,904 [INFO] Action for aws-eb-command-handler succeeded, returning SUCCESS
2025-06-18 19:25:36,232 [INFO] command processing is alive.
2025-06-18 19:27:25,012 [INFO] Received command ElasticBeanstalkCommand-AWSEBAutoScalingGroup (invocation id: 02c57d26-cd84-4078-8ce1-2f49e2c6ef99)
2025-06-18 19:27:25,012 [INFO] Running action for aws-eb-command-handler
2025-06-18 19:29:30,593 [INFO] Action for aws-eb-command-handler succeeded, returning SUCCESS
2025-06-18 19:30:50,765 [INFO] command processing is alive.
2025-06-18 19:31:30,918 [INFO] Received command ElasticBeanstalkCommand-AWSEBAutoScalingGroup (invocation id: d7381c64-39cf-43eb-acb1-2c629091d36a)
2025-06-18 19:31:30,918 [INFO] Running action for aws-eb-command-handler
2025-06-18 19:33:21,482 [INFO] Action for aws-eb-command-handler succeeded, returning SUCCESS
2025-06-18 19:36:01,779 [INFO] command processing is alive.
2025-06-18 19:36:16,472 [INFO] Received command ElasticBeanstalkCommand-AWSEBAutoScalingGroup (invocation id: 8dba2667-0b47-4489-9638-4efbef5afcf9)
2025-06-18 19:36:16,472 [INFO] Running action for aws-eb-command-handler
