--- Streamlit App Debug Start ---
Current working directory: C:\Users\KitKumar\Documents\repos\TradingAlgorithm
sys.path: ['_3_Networking_and_User_Input/web_interface/streamlit_app.py', '_3_Networking_and_User_Input/web_interface', 'C:\\Users\\KitKumar\\AppData\\Local\\Programs\\Python\\Python39\\Scripts\\streamlit.exe', 'C:\\Users\\KitKumar\\AppData\\Local\\Programs\\Python\\Python39\\python39.zip', 'C:\\Users\\KitKumar\\AppData\\Local\\Programs\\Python\\Python39\\DLLs', 'C:\\Users\\KitKumar\\AppData\\Local\\Programs\\Python\\Python39\\lib', 'C:\\Users\\KitKumar\\AppData\\Local\\Programs\\Python\\Python39', 'C:\\Users\\KitKumar\\AppData\\Local\\Programs\\Python\\Python39\\lib\\site-packages']
REPO_ROOT: C:\Users\KitKumar\Documents\repos\TradingAlgorithm
Exists _2_Orchestrator_And_ML_Python: True
Exists model_trainer.py: True
ImportError for ModelTrainer:
Traceback (most recent call last):
  File "C:\Users\KitKumar\Documents\repos\TradingAlgorithm\_3_Networking_and_User_Input\web_interface\streamlit_app.py", line 55, in <module>
    from _2_Orchestrator_And_ML_Python.interactive_training_app.backend.model_trainer import ModelTrainer
ModuleNotFoundError: No module named '_2_Orchestrator_And_ML_Python'

--- Streamlit App Debug Start ---
Current working directory: C:\Users\KitKumar\Documents\repos\TradingAlgorithm
sys.path: ['C:\\Users\\KitKumar\\Documents\\repos\\TradingAlgorithm', '_3_Networking_and_User_Input/web_interface/streamlit_app.py', '_3_Networking_and_User_Input/web_interface', 'C:\\Users\\KitKumar\\AppData\\Local\\Programs\\Python\\Python39\\Scripts\\streamlit.exe', 'C:\\Users\\KitKumar\\AppData\\Local\\Programs\\Python\\Python39\\python39.zip', 'C:\\Users\\KitKumar\\AppData\\Local\\Programs\\Python\\Python39\\DLLs', 'C:\\Users\\KitKumar\\AppData\\Local\\Programs\\Python\\Python39\\lib', 'C:\\Users\\KitKumar\\AppData\\Local\\Programs\\Python\\Python39', 'C:\\Users\\KitKumar\\AppData\\Local\\Programs\\Python\\Python39\\lib\\site-packages']
REPO_ROOT: C:\Users\KitKumar\Documents\repos\TradingAlgorithm
Exists _2_Orchestrator_And_ML_Python: True
Exists model_trainer.py: True
Successfully imported ModelTrainer
--- Streamlit App Debug Start ---
Current working directory: C:\Users\KitKumar\Documents\repos\TradingAlgorithm
sys.path: ['_3_Networking_and_User_Input/web_interface/streamlit_app.py', 'C:\\Users\\KitKumar\\Documents\\repos\\TradingAlgorithm', '_3_Networking_and_User_Input/web_interface', 'C:\\Users\\KitKumar\\AppData\\Local\\Programs\\Python\\Python39\\Scripts\\streamlit.exe', 'C:\\Users\\KitKumar\\AppData\\Local\\Programs\\Python\\Python39\\python39.zip', 'C:\\Users\\KitKumar\\AppData\\Local\\Programs\\Python\\Python39\\DLLs', 'C:\\Users\\KitKumar\\AppData\\Local\\Programs\\Python\\Python39\\lib', 'C:\\Users\\KitKumar\\AppData\\Local\\Programs\\Python\\Python39', 'C:\\Users\\KitKumar\\AppData\\Local\\Programs\\Python\\Python39\\lib\\site-packages', 'C:\\Users\\KitKumar\\Documents\\repos\\TradingAlgorithm\\_2_Orchestrator_And_ML_Python', 'C:\\Users\\KitKumar\\Documents\\repos\\TradingAlgorithm\\_3_Networking_and_User_Input']
REPO_ROOT: C:\Users\KitKumar\Documents\repos\TradingAlgorithm
Exists _2_Orchestrator_And_ML_Python: True
Exists model_trainer.py: True
Successfully imported ModelTrainer
--- Streamlit App Debug Start ---
Current working directory: C:\Users\KitKumar\Documents\repos\TradingAlgorithm
sys.path: ['_3_Networking_and_User_Input/web_interface/streamlit_app.py', 'C:\\Users\\KitKumar\\Documents\\repos\\TradingAlgorithm', '_3_Networking_and_User_Input/web_interface', 'C:\\Users\\KitKumar\\AppData\\Local\\Programs\\Python\\Python39\\Scripts\\streamlit.exe', 'C:\\Users\\KitKumar\\AppData\\Local\\Programs\\Python\\Python39\\python39.zip', 'C:\\Users\\KitKumar\\AppData\\Local\\Programs\\Python\\Python39\\DLLs', 'C:\\Users\\KitKumar\\AppData\\Local\\Programs\\Python\\Python39\\lib', 'C:\\Users\\KitKumar\\AppData\\Local\\Programs\\Python\\Python39', 'C:\\Users\\KitKumar\\AppData\\Local\\Programs\\Python\\Python39\\lib\\site-packages', 'C:\\Users\\KitKumar\\Documents\\repos\\TradingAlgorithm\\_2_Orchestrator_And_ML_Python', 'C:\\Users\\KitKumar\\Documents\\repos\\TradingAlgorithm\\_3_Networking_and_User_Input', 'C:\\Users\\KitKumar\\Documents\\repos\\TradingAlgorithm\\_2_Orchestrator_And_ML_Python', 'C:\\Users\\KitKumar\\Documents\\repos\\TradingAlgorithm\\_3_Networking_and_User_Input']
REPO_ROOT: C:\Users\KitKumar\Documents\repos\TradingAlgorithm
Exists _2_Orchestrator_And_ML_Python: True
Exists model_trainer.py: True
Successfully imported ModelTrainer
--- Streamlit App Debug Start ---
Current working directory: C:\Users\KitKumar\Documents\repos\TradingAlgorithm
sys.path: ['_3_Networking_and_User_Input/web_interface/streamlit_app.py', 'C:\\Users\\KitKumar\\Documents\\repos\\TradingAlgorithm', '_3_Networking_and_User_Input/web_interface', 'C:\\Users\\KitKumar\\AppData\\Local\\Programs\\Python\\Python39\\Scripts\\streamlit.exe', 'C:\\Users\\KitKumar\\AppData\\Local\\Programs\\Python\\Python39\\python39.zip', 'C:\\Users\\KitKumar\\AppData\\Local\\Programs\\Python\\Python39\\DLLs', 'C:\\Users\\KitKumar\\AppData\\Local\\Programs\\Python\\Python39\\lib', 'C:\\Users\\KitKumar\\AppData\\Local\\Programs\\Python\\Python39', 'C:\\Users\\KitKumar\\AppData\\Local\\Programs\\Python\\Python39\\lib\\site-packages', 'C:\\Users\\KitKumar\\Documents\\repos\\TradingAlgorithm\\_2_Orchestrator_And_ML_Python', 'C:\\Users\\KitKumar\\Documents\\repos\\TradingAlgorithm\\_3_Networking_and_User_Input', 'C:\\Users\\KitKumar\\Documents\\repos\\TradingAlgorithm\\_2_Orchestrator_And_ML_Python', 'C:\\Users\\KitKumar\\Documents\\repos\\TradingAlgorithm\\_3_Networking_and_User_Input', 'C:\\Users\\KitKumar\\Documents\\repos\\TradingAlgorithm\\_2_Orchestrator_And_ML_Python', 'C:\\Users\\KitKumar\\Documents\\repos\\TradingAlgorithm\\_3_Networking_and_User_Input']
REPO_ROOT: C:\Users\KitKumar\Documents\repos\TradingAlgorithm
Exists _2_Orchestrator_And_ML_Python: True
Exists model_trainer.py: True
Successfully imported ModelTrainer
--- Streamlit App Debug Start ---
Current working directory: C:\Users\KitKumar\Documents\repos\TradingAlgorithm
sys.path: ['_3_Networking_and_User_Input/web_interface/streamlit_app.py', 'C:\\Users\\KitKumar\\Documents\\repos\\TradingAlgorithm', '_3_Networking_and_User_Input/web_interface', 'C:\\Users\\KitKumar\\AppData\\Local\\Programs\\Python\\Python39\\Scripts\\streamlit.exe', 'C:\\Users\\KitKumar\\AppData\\Local\\Programs\\Python\\Python39\\python39.zip', 'C:\\Users\\KitKumar\\AppData\\Local\\Programs\\Python\\Python39\\DLLs', 'C:\\Users\\KitKumar\\AppData\\Local\\Programs\\Python\\Python39\\lib', 'C:\\Users\\KitKumar\\AppData\\Local\\Programs\\Python\\Python39', 'C:\\Users\\KitKumar\\AppData\\Local\\Programs\\Python\\Python39\\lib\\site-packages', 'C:\\Users\\KitKumar\\Documents\\repos\\TradingAlgorithm\\_2_Orchestrator_And_ML_Python', 'C:\\Users\\KitKumar\\Documents\\repos\\TradingAlgorithm\\_3_Networking_and_User_Input', 'C:\\Users\\KitKumar\\Documents\\repos\\TradingAlgorithm\\_2_Orchestrator_And_ML_Python', 'C:\\Users\\KitKumar\\Documents\\repos\\TradingAlgorithm\\_3_Networking_and_User_Input', 'C:\\Users\\KitKumar\\Documents\\repos\\TradingAlgorithm\\_2_Orchestrator_And_ML_Python', 'C:\\Users\\KitKumar\\Documents\\repos\\TradingAlgorithm\\_3_Networking_and_User_Input', 'C:\\Users\\KitKumar\\Documents\\repos\\TradingAlgorithm\\_2_Orchestrator_And_ML_Python', 'C:\\Users\\KitKumar\\Documents\\repos\\TradingAlgorithm\\_3_Networking_and_User_Input']
REPO_ROOT: C:\Users\KitKumar\Documents\repos\TradingAlgorithm
Exists _2_Orchestrator_And_ML_Python: True
Exists model_trainer.py: True
Successfully imported ModelTrainer
--- Streamlit App Debug Start ---
Current working directory: C:\Users\KitKumar\Documents\repos\TradingAlgorithm
sys.path: ['_3_Networking_and_User_Input/web_interface/streamlit_app.py', 'C:\\Users\\KitKumar\\Documents\\repos\\TradingAlgorithm', '_3_Networking_and_User_Input/web_interface', 'C:\\Users\\KitKumar\\AppData\\Local\\Programs\\Python\\Python39\\Scripts\\streamlit.exe', 'C:\\Users\\KitKumar\\AppData\\Local\\Programs\\Python\\Python39\\python39.zip', 'C:\\Users\\KitKumar\\AppData\\Local\\Programs\\Python\\Python39\\DLLs', 'C:\\Users\\KitKumar\\AppData\\Local\\Programs\\Python\\Python39\\lib', 'C:\\Users\\KitKumar\\AppData\\Local\\Programs\\Python\\Python39', 'C:\\Users\\KitKumar\\AppData\\Local\\Programs\\Python\\Python39\\lib\\site-packages', 'C:\\Users\\KitKumar\\Documents\\repos\\TradingAlgorithm\\_2_Orchestrator_And_ML_Python', 'C:\\Users\\KitKumar\\Documents\\repos\\TradingAlgorithm\\_3_Networking_and_User_Input', 'C:\\Users\\KitKumar\\Documents\\repos\\TradingAlgorithm\\_2_Orchestrator_And_ML_Python', 'C:\\Users\\KitKumar\\Documents\\repos\\TradingAlgorithm\\_3_Networking_and_User_Input', 'C:\\Users\\KitKumar\\Documents\\repos\\TradingAlgorithm\\_2_Orchestrator_And_ML_Python', 'C:\\Users\\KitKumar\\Documents\\repos\\TradingAlgorithm\\_3_Networking_and_User_Input', 'C:\\Users\\KitKumar\\Documents\\repos\\TradingAlgorithm\\_2_Orchestrator_And_ML_Python', 'C:\\Users\\KitKumar\\Documents\\repos\\TradingAlgorithm\\_3_Networking_and_User_Input', 'C:\\Users\\KitKumar\\Documents\\repos\\TradingAlgorithm\\_2_Orchestrator_And_ML_Python', 'C:\\Users\\KitKumar\\Documents\\repos\\TradingAlgorithm\\_3_Networking_and_User_Input']
REPO_ROOT: C:\Users\KitKumar\Documents\repos\TradingAlgorithm
Exists _2_Orchestrator_And_ML_Python: True
Exists model_trainer.py: True
Successfully imported ModelTrainer
--- Streamlit App Debug Start ---
Current working directory: C:\Users\KitKumar\Documents\repos\TradingAlgorithm
sys.path: ['_3_Networking_and_User_Input/web_interface/streamlit_app.py', 'C:\\Users\\KitKumar\\Documents\\repos\\TradingAlgorithm', '_3_Networking_and_User_Input/web_interface', 'C:\\Users\\KitKumar\\AppData\\Local\\Programs\\Python\\Python39\\Scripts\\streamlit.exe', 'C:\\Users\\KitKumar\\AppData\\Local\\Programs\\Python\\Python39\\python39.zip', 'C:\\Users\\KitKumar\\AppData\\Local\\Programs\\Python\\Python39\\DLLs', 'C:\\Users\\KitKumar\\AppData\\Local\\Programs\\Python\\Python39\\lib', 'C:\\Users\\KitKumar\\AppData\\Local\\Programs\\Python\\Python39', 'C:\\Users\\KitKumar\\AppData\\Local\\Programs\\Python\\Python39\\lib\\site-packages', 'C:\\Users\\KitKumar\\Documents\\repos\\TradingAlgorithm\\_2_Orchestrator_And_ML_Python', 'C:\\Users\\KitKumar\\Documents\\repos\\TradingAlgorithm\\_3_Networking_and_User_Input', 'C:\\Users\\KitKumar\\Documents\\repos\\TradingAlgorithm\\_2_Orchestrator_And_ML_Python', 'C:\\Users\\KitKumar\\Documents\\repos\\TradingAlgorithm\\_3_Networking_and_User_Input', 'C:\\Users\\KitKumar\\Documents\\repos\\TradingAlgorithm\\_2_Orchestrator_And_ML_Python', 'C:\\Users\\KitKumar\\Documents\\repos\\TradingAlgorithm\\_3_Networking_and_User_Input', 'C:\\Users\\KitKumar\\Documents\\repos\\TradingAlgorithm\\_2_Orchestrator_And_ML_Python', 'C:\\Users\\KitKumar\\Documents\\repos\\TradingAlgorithm\\_3_Networking_and_User_Input', 'C:\\Users\\KitKumar\\Documents\\repos\\TradingAlgorithm\\_2_Orchestrator_And_ML_Python', 'C:\\Users\\KitKumar\\Documents\\repos\\TradingAlgorithm\\_3_Networking_and_User_Input', 'C:\\Users\\KitKumar\\Documents\\repos\\TradingAlgorithm\\_2_Orchestrator_And_ML_Python', 'C:\\Users\\KitKumar\\Documents\\repos\\TradingAlgorithm\\_3_Networking_and_User_Input']
REPO_ROOT: C:\Users\KitKumar\Documents\repos\TradingAlgorithm
Exists _2_Orchestrator_And_ML_Python: True
Exists model_trainer.py: True
Successfully imported ModelTrainer
--- Streamlit App Debug Start ---
Current working directory: C:\Users\KitKumar\Documents\repos\TradingAlgorithm
sys.path: ['_3_Networking_and_User_Input/web_interface/streamlit_app.py', 'C:\\Users\\KitKumar\\Documents\\repos\\TradingAlgorithm', '_3_Networking_and_User_Input/web_interface', 'C:\\Users\\KitKumar\\AppData\\Local\\Programs\\Python\\Python39\\Scripts\\streamlit.exe', 'C:\\Users\\KitKumar\\AppData\\Local\\Programs\\Python\\Python39\\python39.zip', 'C:\\Users\\KitKumar\\AppData\\Local\\Programs\\Python\\Python39\\DLLs', 'C:\\Users\\KitKumar\\AppData\\Local\\Programs\\Python\\Python39\\lib', 'C:\\Users\\KitKumar\\AppData\\Local\\Programs\\Python\\Python39', 'C:\\Users\\KitKumar\\AppData\\Local\\Programs\\Python\\Python39\\lib\\site-packages', 'C:\\Users\\KitKumar\\Documents\\repos\\TradingAlgorithm\\_2_Orchestrator_And_ML_Python', 'C:\\Users\\KitKumar\\Documents\\repos\\TradingAlgorithm\\_3_Networking_and_User_Input', 'C:\\Users\\KitKumar\\Documents\\repos\\TradingAlgorithm\\_2_Orchestrator_And_ML_Python', 'C:\\Users\\KitKumar\\Documents\\repos\\TradingAlgorithm\\_3_Networking_and_User_Input', 'C:\\Users\\KitKumar\\Documents\\repos\\TradingAlgorithm\\_2_Orchestrator_And_ML_Python', 'C:\\Users\\KitKumar\\Documents\\repos\\TradingAlgorithm\\_3_Networking_and_User_Input', 'C:\\Users\\KitKumar\\Documents\\repos\\TradingAlgorithm\\_2_Orchestrator_And_ML_Python', 'C:\\Users\\KitKumar\\Documents\\repos\\TradingAlgorithm\\_3_Networking_and_User_Input', 'C:\\Users\\KitKumar\\Documents\\repos\\TradingAlgorithm\\_2_Orchestrator_And_ML_Python', 'C:\\Users\\KitKumar\\Documents\\repos\\TradingAlgorithm\\_3_Networking_and_User_Input', 'C:\\Users\\KitKumar\\Documents\\repos\\TradingAlgorithm\\_2_Orchestrator_And_ML_Python', 'C:\\Users\\KitKumar\\Documents\\repos\\TradingAlgorithm\\_3_Networking_and_User_Input', 'C:\\Users\\KitKumar\\Documents\\repos\\TradingAlgorithm\\_2_Orchestrator_And_ML_Python', 'C:\\Users\\KitKumar\\Documents\\repos\\TradingAlgorithm\\_3_Networking_and_User_Input']
REPO_ROOT: C:\Users\KitKumar\Documents\repos\TradingAlgorithm
Exists _2_Orchestrator_And_ML_Python: True
Exists model_trainer.py: True
Successfully imported ModelTrainer
--- Streamlit App Debug Start ---
Current working directory: C:\Users\KitKumar\Documents\repos\TradingAlgorithm
sys.path: ['_3_Networking_and_User_Input/web_interface/streamlit_app.py', 'C:\\Users\\KitKumar\\Documents\\repos\\TradingAlgorithm', '_3_Networking_and_User_Input/web_interface', 'C:\\Users\\KitKumar\\AppData\\Local\\Programs\\Python\\Python39\\Scripts\\streamlit.exe', 'C:\\Users\\KitKumar\\AppData\\Local\\Programs\\Python\\Python39\\python39.zip', 'C:\\Users\\KitKumar\\AppData\\Local\\Programs\\Python\\Python39\\DLLs', 'C:\\Users\\KitKumar\\AppData\\Local\\Programs\\Python\\Python39\\lib', 'C:\\Users\\KitKumar\\AppData\\Local\\Programs\\Python\\Python39', 'C:\\Users\\KitKumar\\AppData\\Local\\Programs\\Python\\Python39\\lib\\site-packages', 'C:\\Users\\KitKumar\\Documents\\repos\\TradingAlgorithm\\_2_Orchestrator_And_ML_Python', 'C:\\Users\\KitKumar\\Documents\\repos\\TradingAlgorithm\\_3_Networking_and_User_Input', 'C:\\Users\\KitKumar\\Documents\\repos\\TradingAlgorithm\\_2_Orchestrator_And_ML_Python', 'C:\\Users\\KitKumar\\Documents\\repos\\TradingAlgorithm\\_3_Networking_and_User_Input', 'C:\\Users\\KitKumar\\Documents\\repos\\TradingAlgorithm\\_2_Orchestrator_And_ML_Python', 'C:\\Users\\KitKumar\\Documents\\repos\\TradingAlgorithm\\_3_Networking_and_User_Input', 'C:\\Users\\KitKumar\\Documents\\repos\\TradingAlgorithm\\_2_Orchestrator_And_ML_Python', 'C:\\Users\\KitKumar\\Documents\\repos\\TradingAlgorithm\\_3_Networking_and_User_Input', 'C:\\Users\\KitKumar\\Documents\\repos\\TradingAlgorithm\\_2_Orchestrator_And_ML_Python', 'C:\\Users\\KitKumar\\Documents\\repos\\TradingAlgorithm\\_3_Networking_and_User_Input', 'C:\\Users\\KitKumar\\Documents\\repos\\TradingAlgorithm\\_2_Orchestrator_And_ML_Python', 'C:\\Users\\KitKumar\\Documents\\repos\\TradingAlgorithm\\_3_Networking_and_User_Input', 'C:\\Users\\KitKumar\\Documents\\repos\\TradingAlgorithm\\_2_Orchestrator_And_ML_Python', 'C:\\Users\\KitKumar\\Documents\\repos\\TradingAlgorithm\\_3_Networking_and_User_Input', 'C:\\Users\\KitKumar\\Documents\\repos\\TradingAlgorithm\\_2_Orchestrator_And_ML_Python', 'C:\\Users\\KitKumar\\Documents\\repos\\TradingAlgorithm\\_3_Networking_and_User_Input']
REPO_ROOT: C:\Users\KitKumar\Documents\repos\TradingAlgorithm
Exists _2_Orchestrator_And_ML_Python: True
Exists model_trainer.py: True
Successfully imported ModelTrainer
--- Streamlit App Debug Start ---
Current working directory: C:\Users\KitKumar\Documents\repos\TradingAlgorithm
sys.path: ['_3_Networking_and_User_Input/web_interface/streamlit_app.py', 'C:\\Users\\KitKumar\\Documents\\repos\\TradingAlgorithm', '_3_Networking_and_User_Input/web_interface', 'C:\\Users\\KitKumar\\AppData\\Local\\Programs\\Python\\Python39\\Scripts\\streamlit.exe', 'C:\\Users\\KitKumar\\AppData\\Local\\Programs\\Python\\Python39\\python39.zip', 'C:\\Users\\KitKumar\\AppData\\Local\\Programs\\Python\\Python39\\DLLs', 'C:\\Users\\KitKumar\\AppData\\Local\\Programs\\Python\\Python39\\lib', 'C:\\Users\\KitKumar\\AppData\\Local\\Programs\\Python\\Python39', 'C:\\Users\\KitKumar\\AppData\\Local\\Programs\\Python\\Python39\\lib\\site-packages', 'C:\\Users\\KitKumar\\Documents\\repos\\TradingAlgorithm\\_2_Orchestrator_And_ML_Python', 'C:\\Users\\KitKumar\\Documents\\repos\\TradingAlgorithm\\_3_Networking_and_User_Input', 'C:\\Users\\KitKumar\\Documents\\repos\\TradingAlgorithm\\_2_Orchestrator_And_ML_Python', 'C:\\Users\\KitKumar\\Documents\\repos\\TradingAlgorithm\\_3_Networking_and_User_Input', 'C:\\Users\\KitKumar\\Documents\\repos\\TradingAlgorithm\\_2_Orchestrator_And_ML_Python', 'C:\\Users\\KitKumar\\Documents\\repos\\TradingAlgorithm\\_3_Networking_and_User_Input', 'C:\\Users\\KitKumar\\Documents\\repos\\TradingAlgorithm\\_2_Orchestrator_And_ML_Python', 'C:\\Users\\KitKumar\\Documents\\repos\\TradingAlgorithm\\_3_Networking_and_User_Input', 'C:\\Users\\KitKumar\\Documents\\repos\\TradingAlgorithm\\_2_Orchestrator_And_ML_Python', 'C:\\Users\\KitKumar\\Documents\\repos\\TradingAlgorithm\\_3_Networking_and_User_Input', 'C:\\Users\\KitKumar\\Documents\\repos\\TradingAlgorithm\\_2_Orchestrator_And_ML_Python', 'C:\\Users\\KitKumar\\Documents\\repos\\TradingAlgorithm\\_3_Networking_and_User_Input', 'C:\\Users\\KitKumar\\Documents\\repos\\TradingAlgorithm\\_2_Orchestrator_And_ML_Python', 'C:\\Users\\KitKumar\\Documents\\repos\\TradingAlgorithm\\_3_Networking_and_User_Input', 'C:\\Users\\KitKumar\\Documents\\repos\\TradingAlgorithm\\_2_Orchestrator_And_ML_Python', 'C:\\Users\\KitKumar\\Documents\\repos\\TradingAlgorithm\\_3_Networking_and_User_Input', 'C:\\Users\\KitKumar\\Documents\\repos\\TradingAlgorithm\\_2_Orchestrator_And_ML_Python', 'C:\\Users\\KitKumar\\Documents\\repos\\TradingAlgorithm\\_3_Networking_and_User_Input']
REPO_ROOT: C:\Users\KitKumar\Documents\repos\TradingAlgorithm
Exists _2_Orchestrator_And_ML_Python: True
Exists model_trainer.py: True
Successfully imported ModelTrainer
--- Streamlit App Debug Start ---
Current working directory: C:\Users\KitKumar\Documents\repos\TradingAlgorithm
sys.path: ['C:\\Users\\KitKumar\\Documents\\repos\\TradingAlgorithm', '_3_Networking_and_User_Input/web_interface/streamlit_app.py', '_3_Networking_and_User_Input/web_interface', 'C:\\Users\\KitKumar\\AppData\\Local\\Programs\\Python\\Python39\\Scripts\\streamlit.exe', 'C:\\Users\\KitKumar\\AppData\\Local\\Programs\\Python\\Python39\\python39.zip', 'C:\\Users\\KitKumar\\AppData\\Local\\Programs\\Python\\Python39\\DLLs', 'C:\\Users\\KitKumar\\AppData\\Local\\Programs\\Python\\Python39\\lib', 'C:\\Users\\KitKumar\\AppData\\Local\\Programs\\Python\\Python39', 'C:\\Users\\KitKumar\\AppData\\Local\\Programs\\Python\\Python39\\lib\\site-packages']
REPO_ROOT: C:\Users\KitKumar\Documents\repos\TradingAlgorithm
Exists _2_Orchestrator_And_ML_Python: True
Exists model_trainer.py: True
Successfully imported ModelTrainer
--- Streamlit App Debug Start ---
Current working directory: C:\Users\KitKumar\Documents\repos\TradingAlgorithm
sys.path: ['_3_Networking_and_User_Input/web_interface/streamlit_app.py', 'C:\\Users\\KitKumar\\Documents\\repos\\TradingAlgorithm', '_3_Networking_and_User_Input/web_interface', 'C:\\Users\\KitKumar\\AppData\\Local\\Programs\\Python\\Python39\\Scripts\\streamlit.exe', 'C:\\Users\\KitKumar\\AppData\\Local\\Programs\\Python\\Python39\\python39.zip', 'C:\\Users\\KitKumar\\AppData\\Local\\Programs\\Python\\Python39\\DLLs', 'C:\\Users\\KitKumar\\AppData\\Local\\Programs\\Python\\Python39\\lib', 'C:\\Users\\KitKumar\\AppData\\Local\\Programs\\Python\\Python39', 'C:\\Users\\KitKumar\\AppData\\Local\\Programs\\Python\\Python39\\lib\\site-packages', 'C:\\Users\\KitKumar\\Documents\\repos\\TradingAlgorithm\\_2_Orchestrator_And_ML_Python', 'C:\\Users\\KitKumar\\Documents\\repos\\TradingAlgorithm\\_3_Networking_and_User_Input']
REPO_ROOT: C:\Users\KitKumar\Documents\repos\TradingAlgorithm
Exists _2_Orchestrator_And_ML_Python: True
Exists model_trainer.py: True
Successfully imported ModelTrainer
--- Streamlit App Debug Start ---
Current working directory: C:\Users\KitKumar\Documents\repos\TradingAlgorithm
sys.path: ['_3_Networking_and_User_Input/web_interface/streamlit_app.py', 'C:\\Users\\KitKumar\\Documents\\repos\\TradingAlgorithm', '_3_Networking_and_User_Input/web_interface', 'C:\\Users\\KitKumar\\AppData\\Local\\Programs\\Python\\Python39\\Scripts\\streamlit.exe', 'C:\\Users\\KitKumar\\AppData\\Local\\Programs\\Python\\Python39\\python39.zip', 'C:\\Users\\KitKumar\\AppData\\Local\\Programs\\Python\\Python39\\DLLs', 'C:\\Users\\KitKumar\\AppData\\Local\\Programs\\Python\\Python39\\lib', 'C:\\Users\\KitKumar\\AppData\\Local\\Programs\\Python\\Python39', 'C:\\Users\\KitKumar\\AppData\\Local\\Programs\\Python\\Python39\\lib\\site-packages', 'C:\\Users\\KitKumar\\Documents\\repos\\TradingAlgorithm\\_2_Orchestrator_And_ML_Python', 'C:\\Users\\KitKumar\\Documents\\repos\\TradingAlgorithm\\_3_Networking_and_User_Input', 'C:\\Users\\KitKumar\\Documents\\repos\\TradingAlgorithm\\_2_Orchestrator_And_ML_Python', 'C:\\Users\\KitKumar\\Documents\\repos\\TradingAlgorithm\\_3_Networking_and_User_Input']
REPO_ROOT: C:\Users\KitKumar\Documents\repos\TradingAlgorithm
Exists _2_Orchestrator_And_ML_Python: True
Exists model_trainer.py: True
Successfully imported ModelTrainer
--- Streamlit App Debug Start ---
Current working directory: C:\Users\KitKumar\Documents\repos\TradingAlgorithm
sys.path: ['_3_Networking_and_User_Input/web_interface/streamlit_app.py', 'C:\\Users\\KitKumar\\Documents\\repos\\TradingAlgorithm', '_3_Networking_and_User_Input/web_interface', 'C:\\Users\\KitKumar\\AppData\\Local\\Programs\\Python\\Python39\\Scripts\\streamlit.exe', 'C:\\Users\\KitKumar\\AppData\\Local\\Programs\\Python\\Python39\\python39.zip', 'C:\\Users\\KitKumar\\AppData\\Local\\Programs\\Python\\Python39\\DLLs', 'C:\\Users\\KitKumar\\AppData\\Local\\Programs\\Python\\Python39\\lib', 'C:\\Users\\KitKumar\\AppData\\Local\\Programs\\Python\\Python39', 'C:\\Users\\KitKumar\\AppData\\Local\\Programs\\Python\\Python39\\lib\\site-packages', 'C:\\Users\\KitKumar\\Documents\\repos\\TradingAlgorithm\\_2_Orchestrator_And_ML_Python', 'C:\\Users\\KitKumar\\Documents\\repos\\TradingAlgorithm\\_3_Networking_and_User_Input', 'C:\\Users\\KitKumar\\Documents\\repos\\TradingAlgorithm\\_2_Orchestrator_And_ML_Python', 'C:\\Users\\KitKumar\\Documents\\repos\\TradingAlgorithm\\_3_Networking_and_User_Input', 'C:\\Users\\KitKumar\\Documents\\repos\\TradingAlgorithm\\_2_Orchestrator_And_ML_Python', 'C:\\Users\\KitKumar\\Documents\\repos\\TradingAlgorithm\\_3_Networking_and_User_Input']
REPO_ROOT: C:\Users\KitKumar\Documents\repos\TradingAlgorithm
Exists _2_Orchestrator_And_ML_Python: True
Exists model_trainer.py: True
Successfully imported ModelTrainer
--- Streamlit App Debug Start ---
Current working directory: C:\Users\KitKumar\Documents\repos\TradingAlgorithm
sys.path: ['_3_Networking_and_User_Input/web_interface/streamlit_app.py', 'C:\\Users\\KitKumar\\Documents\\repos\\TradingAlgorithm', '_3_Networking_and_User_Input/web_interface', 'C:\\Users\\KitKumar\\AppData\\Local\\Programs\\Python\\Python39\\Scripts\\streamlit.exe', 'C:\\Users\\KitKumar\\AppData\\Local\\Programs\\Python\\Python39\\python39.zip', 'C:\\Users\\KitKumar\\AppData\\Local\\Programs\\Python\\Python39\\DLLs', 'C:\\Users\\KitKumar\\AppData\\Local\\Programs\\Python\\Python39\\lib', 'C:\\Users\\KitKumar\\AppData\\Local\\Programs\\Python\\Python39', 'C:\\Users\\KitKumar\\AppData\\Local\\Programs\\Python\\Python39\\lib\\site-packages', 'C:\\Users\\KitKumar\\Documents\\repos\\TradingAlgorithm\\_2_Orchestrator_And_ML_Python', 'C:\\Users\\KitKumar\\Documents\\repos\\TradingAlgorithm\\_3_Networking_and_User_Input', 'C:\\Users\\KitKumar\\Documents\\repos\\TradingAlgorithm\\_2_Orchestrator_And_ML_Python', 'C:\\Users\\KitKumar\\Documents\\repos\\TradingAlgorithm\\_3_Networking_and_User_Input', 'C:\\Users\\KitKumar\\Documents\\repos\\TradingAlgorithm\\_2_Orchestrator_And_ML_Python', 'C:\\Users\\KitKumar\\Documents\\repos\\TradingAlgorithm\\_3_Networking_and_User_Input', 'C:\\Users\\KitKumar\\Documents\\repos\\TradingAlgorithm\\_2_Orchestrator_And_ML_Python', 'C:\\Users\\KitKumar\\Documents\\repos\\TradingAlgorithm\\_3_Networking_and_User_Input']
REPO_ROOT: C:\Users\KitKumar\Documents\repos\TradingAlgorithm
Exists _2_Orchestrator_And_ML_Python: True
Exists model_trainer.py: True
Successfully imported ModelTrainer
--- Streamlit App Debug Start ---
Current working directory: C:\Users\KitKumar\Documents\repos\TradingAlgorithm
sys.path: ['_3_Networking_and_User_Input/web_interface/streamlit_app.py', 'C:\\Users\\KitKumar\\Documents\\repos\\TradingAlgorithm', '_3_Networking_and_User_Input/web_interface', 'C:\\Users\\KitKumar\\AppData\\Local\\Programs\\Python\\Python39\\Scripts\\streamlit.exe', 'C:\\Users\\KitKumar\\AppData\\Local\\Programs\\Python\\Python39\\python39.zip', 'C:\\Users\\KitKumar\\AppData\\Local\\Programs\\Python\\Python39\\DLLs', 'C:\\Users\\KitKumar\\AppData\\Local\\Programs\\Python\\Python39\\lib', 'C:\\Users\\KitKumar\\AppData\\Local\\Programs\\Python\\Python39', 'C:\\Users\\KitKumar\\AppData\\Local\\Programs\\Python\\Python39\\lib\\site-packages', 'C:\\Users\\KitKumar\\Documents\\repos\\TradingAlgorithm\\_2_Orchestrator_And_ML_Python', 'C:\\Users\\KitKumar\\Documents\\repos\\TradingAlgorithm\\_3_Networking_and_User_Input', 'C:\\Users\\KitKumar\\Documents\\repos\\TradingAlgorithm\\_2_Orchestrator_And_ML_Python', 'C:\\Users\\KitKumar\\Documents\\repos\\TradingAlgorithm\\_3_Networking_and_User_Input', 'C:\\Users\\KitKumar\\Documents\\repos\\TradingAlgorithm\\_2_Orchestrator_And_ML_Python', 'C:\\Users\\KitKumar\\Documents\\repos\\TradingAlgorithm\\_3_Networking_and_User_Input', 'C:\\Users\\KitKumar\\Documents\\repos\\TradingAlgorithm\\_2_Orchestrator_And_ML_Python', 'C:\\Users\\KitKumar\\Documents\\repos\\TradingAlgorithm\\_3_Networking_and_User_Input', 'C:\\Users\\KitKumar\\Documents\\repos\\TradingAlgorithm\\_2_Orchestrator_And_ML_Python', 'C:\\Users\\KitKumar\\Documents\\repos\\TradingAlgorithm\\_3_Networking_and_User_Input']
REPO_ROOT: C:\Users\KitKumar\Documents\repos\TradingAlgorithm
Exists _2_Orchestrator_And_ML_Python: True
Exists model_trainer.py: True
Successfully imported ModelTrainer
--- Streamlit App Debug Start ---
Current working directory: C:\Users\KitKumar\Documents\repos\TradingAlgorithm
sys.path: ['_3_Networking_and_User_Input/web_interface/streamlit_app.py', 'C:\\Users\\KitKumar\\Documents\\repos\\TradingAlgorithm', '_3_Networking_and_User_Input/web_interface', 'C:\\Users\\KitKumar\\AppData\\Local\\Programs\\Python\\Python39\\Scripts\\streamlit.exe', 'C:\\Users\\KitKumar\\AppData\\Local\\Programs\\Python\\Python39\\python39.zip', 'C:\\Users\\KitKumar\\AppData\\Local\\Programs\\Python\\Python39\\DLLs', 'C:\\Users\\KitKumar\\AppData\\Local\\Programs\\Python\\Python39\\lib', 'C:\\Users\\KitKumar\\AppData\\Local\\Programs\\Python\\Python39', 'C:\\Users\\KitKumar\\AppData\\Local\\Programs\\Python\\Python39\\lib\\site-packages', 'C:\\Users\\KitKumar\\Documents\\repos\\TradingAlgorithm\\_2_Orchestrator_And_ML_Python', 'C:\\Users\\KitKumar\\Documents\\repos\\TradingAlgorithm\\_3_Networking_and_User_Input', 'C:\\Users\\KitKumar\\Documents\\repos\\TradingAlgorithm\\_2_Orchestrator_And_ML_Python', 'C:\\Users\\KitKumar\\Documents\\repos\\TradingAlgorithm\\_3_Networking_and_User_Input', 'C:\\Users\\KitKumar\\Documents\\repos\\TradingAlgorithm\\_2_Orchestrator_And_ML_Python', 'C:\\Users\\KitKumar\\Documents\\repos\\TradingAlgorithm\\_3_Networking_and_User_Input', 'C:\\Users\\KitKumar\\Documents\\repos\\TradingAlgorithm\\_2_Orchestrator_And_ML_Python', 'C:\\Users\\KitKumar\\Documents\\repos\\TradingAlgorithm\\_3_Networking_and_User_Input', 'C:\\Users\\KitKumar\\Documents\\repos\\TradingAlgorithm\\_2_Orchestrator_And_ML_Python', 'C:\\Users\\KitKumar\\Documents\\repos\\TradingAlgorithm\\_3_Networking_and_User_Input', 'C:\\Users\\KitKumar\\Documents\\repos\\TradingAlgorithm\\_2_Orchestrator_And_ML_Python', 'C:\\Users\\KitKumar\\Documents\\repos\\TradingAlgorithm\\_3_Networking_and_User_Input']
REPO_ROOT: C:\Users\KitKumar\Documents\repos\TradingAlgorithm
Exists _2_Orchestrator_And_ML_Python: True
Exists model_trainer.py: True
Successfully imported ModelTrainer
